<?xml version="1.0" encoding="UTF-8"?>
<!-- Generated by org.testng.reporters.JUnitXMLReporter -->
<testsuite ignored="0" hostname="HW0737" failures="1" tests="2" name="Test" time="37.866" errors="0" timestamp="2022-10-04T10:37:14 IST">
  <testcase classname="com.amazon.Testcases.TestCase1" name="verifyPriceOfItem" time="18.213">
    <failure type="java.lang.AssertionError" message="This price value is not in the selected range of 100-2000$ =$94.99 expected [true] but found [false]">
      <![CDATA[java.lang.AssertionError: This price value is not in the selected range of 100-2000$ =$94.99 expected [true] but found [false]
at com.amazon.Testcases.TestCase1.verifyPriceOfItem(TestCase1.java:42)
at java.base/java.util.ArrayList.forEach(ArrayList.java:1511)
... Removed 30 stack frames]]>
    </failure>
  </testcase> <!-- verifyPriceOfItem -->
  <testcase classname="com.amazon.Testcases.TestCase2" name="verifySortingOrder" time="11.214"/>
</testsuite> <!-- Test -->
