<?xml version="1.0" encoding="UTF-8"?>
<!-- Generated by org.testng.reporters.JUnitXMLReporter -->
<testsuite ignored="0" hostname="HW0737" failures="1" tests="1" name="Test3" time="36.617" errors="0" timestamp="2022-10-04T21:20:40 IST">
  <testcase classname="com.amazon.Testcases.TestCase3" name="verifySignInScreen" time="31.157">
    <failure type="org.openqa.selenium.ElementClickInterceptedException" message="element click intercepted: Element &amp;lt;select aria-describedby=&amp;quot;searchDropdownDescription&amp;quot; class=&amp;quot;nav-search-dropdown searchSelect nav-progressive-attrubute nav-progressive-search-dropdown&amp;quot; data-nav-digest=&amp;quot;k+fyIAyB82R9jVEmroQ0OWwSW3A=&amp;quot; data-nav-selected=&amp;quot;0&amp;quot; id=&amp;quot;searchDropdownBox&amp;quot; name=&amp;quot;url&amp;quot; style=&amp;quot;display: block; top: 2.5px;&amp;quot; tabindex=&amp;quot;0&amp;quot; title=&amp;quot;Search in&amp;quot;&amp;gt;...&amp;lt;/select&amp;gt; is not clickable at point (250, 31). Other element would receive the click: &amp;lt;div class=&amp;quot;a-modal-scroller a-declarative&amp;quot; data-action=&amp;quot;a-popover-floating-close&amp;quot; style=&amp;quot;padding-bottom: 0px; visibility: visible;&amp;quot;&amp;gt;...&amp;lt;/div&amp;gt;
  (Session info: chrome=105.0.5195.127)
Build info: version: &amp;apos;3.141.59&amp;apos;, revision: &amp;apos;e82be7d358&amp;apos;, time: &amp;apos;2018-11-14T08:17:03&amp;apos;
System info: host: &amp;apos;HW0737&amp;apos;, ip: &amp;apos;172.17.0.1&amp;apos;, os.name: &amp;apos;Windows 10&amp;apos;, os.arch: &amp;apos;amd64&amp;apos;, os.version: &amp;apos;10.0&amp;apos;, java.version: &amp;apos;17.0.2&amp;apos;
Driver info: org.openqa.selenium.chrome.ChromeDriver
Capabilities {acceptInsecureCerts: false, browserName: chrome, browserVersion: 105.0.5195.127, chrome: {chromedriverVersion: 105.0.5195.52 (412c95e51883..., userDataDir: C:\Users\RAVI~1.TAL\AppData...}, goog:chromeOptions: {debuggerAddress: localhost:56952}, javascriptEnabled: true, networkConnectionEnabled: false, pageLoadStrategy: normal, platform: WINDOWS, platformName: WINDOWS, proxy: Proxy(), setWindowRect: true, strictFileInteractability: false, timeouts: {implicit: 0, pageLoad: 300000, script: 30000}, unhandledPromptBehavior: dismiss and notify, webauthn:extension:credBlob: true, webauthn:extension:largeBlob: true, webauthn:virtualAuthenticators: true}
Session ID: 87eb321a5d69a572e90c669a35ed0c20">
      <![CDATA[org.openqa.selenium.ElementClickInterceptedException: element click intercepted: Element <select aria-describedby="searchDropdownDescription" class="nav-search-dropdown searchSelect nav-progressive-attrubute nav-progressive-search-dropdown" data-nav-digest="k+fyIAyB82R9jVEmroQ0OWwSW3A=" data-nav-selected="0" id="searchDropdownBox" name="url" style="display: block; top: 2.5px;" tabindex="0" title="Search in">...</select> is not clickable at point (250, 31). Other element would receive the click: <div class="a-modal-scroller a-declarative" data-action="a-popover-floating-close" style="padding-bottom: 0px; visibility: visible;">...</div>
  (Session info: chrome=105.0.5195.127)
Build info: version: '3.141.59', revision: 'e82be7d358', time: '2018-11-14T08:17:03'
System info: host: 'HW0737', ip: '172.17.0.1', os.name: 'Windows 10', os.arch: 'amd64', os.version: '10.0', java.version: '17.0.2'
Driver info: org.openqa.selenium.chrome.ChromeDriver
Capabilities {acceptInsecureCerts: false, browserName: chrome, browserVersion: 105.0.5195.127, chrome: {chromedriverVersion: 105.0.5195.52 (412c95e51883..., userDataDir: C:\Users\RAVI~1.TAL\AppData...}, goog:chromeOptions: {debuggerAddress: localhost:56952}, javascriptEnabled: true, networkConnectionEnabled: false, pageLoadStrategy: normal, platform: WINDOWS, platformName: WINDOWS, proxy: Proxy(), setWindowRect: true, strictFileInteractability: false, timeouts: {implicit: 0, pageLoad: 300000, script: 30000}, unhandledPromptBehavior: dismiss and notify, webauthn:extension:credBlob: true, webauthn:extension:largeBlob: true, webauthn:virtualAuthenticators: true}
Session ID: 87eb321a5d69a572e90c669a35ed0c20
at org.openqa.selenium.remote.http.W3CHttpResponseCodec.createException(W3CHttpResponseCodec.java:187)
at org.openqa.selenium.remote.http.W3CHttpResponseCodec.decode(W3CHttpResponseCodec.java:122)
at org.openqa.selenium.remote.http.W3CHttpResponseCodec.decode(W3CHttpResponseCodec.java:49)
at org.openqa.selenium.remote.HttpCommandExecutor.execute(HttpCommandExecutor.java:158)
at org.openqa.selenium.remote.service.DriverCommandExecutor.execute(DriverCommandExecutor.java:83)
at org.openqa.selenium.remote.RemoteWebDriver.execute(RemoteWebDriver.java:552)
at org.openqa.selenium.remote.RemoteWebElement.execute(RemoteWebElement.java:285)
at org.openqa.selenium.remote.RemoteWebElement.click(RemoteWebElement.java:84)
at org.openqa.selenium.support.pagefactory.internal.LocatingElementHandler.invoke(LocatingElementHandler.java:51)
at jdk.proxy2/jdk.proxy2.$Proxy12.click(Unknown Source)
at amazon.pages.HomePage.selectCategory(HomePage.java:62)
at com.amazon.Testcases.TestCase3.verifySignInScreen(TestCase3.java:45)
at java.base/java.util.ArrayList.forEach(ArrayList.java:1511)
... Removed 36 stack frames]]>
    </failure>
  </testcase> <!-- verifySignInScreen -->
</testsuite> <!-- Test3 -->
