<?xml version="1.0" encoding="UTF-8"?>
<!-- Generated by org.testng.reporters.JUnitXMLReporter -->
<testsuite ignored="0" hostname="HW0737" failures="1" tests="1" name="Test1" time="71.383" errors="0" timestamp="2022-10-04T16:10:29 IST">
  <testcase classname="com.amazon.Testcases.TestCase1" name="verifyPriceOfItem" time="54.373">
    <failure type="java.lang.AssertionError" message="This price value is not in the selected range of 100-2000$ =$94.99 expected [true] but found [false]">
      <![CDATA[java.lang.AssertionError: This price value is not in the selected range of 100-2000$ =$94.99 expected [true] but found [false]
at com.amazon.Testcases.TestCase1.verifyPriceOfItem(TestCase1.java:45)
at java.base/java.util.ArrayList.forEach(ArrayList.java:1511)
... Removed 30 stack frames]]>
    </failure>
  </testcase> <!-- verifyPriceOfItem -->
</testsuite> <!-- Test1 -->
